[debug] [2020-10-08T12:21:42.110Z] ----------------------------------------------------------------------
[debug] [2020-10-08T12:21:42.113Z] Command:       /usr/local/bin/node /usr/local/bin/firebase serve
[debug] [2020-10-08T12:21:42.113Z] CLI Version:   8.12.0
[debug] [2020-10-08T12:21:42.113Z] Platform:      darwin
[debug] [2020-10-08T12:21:42.113Z] Node Version:  v12.18.3
[debug] [2020-10-08T12:21:42.114Z] Time:          Thu Oct 08 2020 13:21:42 GMT+0100 (West Africa Standard Time)
[debug] [2020-10-08T12:21:42.115Z] ----------------------------------------------------------------------
[debug] [2020-10-08T12:21:42.115Z] 
[debug] [2020-10-08T12:21:42.130Z] > command requires scopes: ["email","openid","https://www.googleapis.com/auth/cloudplatformprojects.readonly","https://www.googleapis.com/auth/firebase","https://www.googleapis.com/auth/cloud-platform"]
[debug] [2020-10-08T12:21:42.130Z] > authorizing via signed-in user
[debug] [2020-10-08T12:21:42.131Z] [iam] checking project bookitapp-869ac for permissions ["firebase.projects.get"]
[debug] [2020-10-08T12:21:42.134Z] > refreshing access token with scopes: ["email","https://www.googleapis.com/auth/cloud-platform","https://www.googleapis.com/auth/cloudplatformprojects.readonly","https://www.googleapis.com/auth/firebase","openid"]
[debug] [2020-10-08T12:21:42.135Z] >>> HTTP REQUEST POST https://www.googleapis.com/oauth2/v3/token  
 <request body omitted>
[debug] [2020-10-08T12:21:43.314Z] <<< HTTP RESPONSE 200 {"cache-control":"no-cache, no-store, max-age=0, must-revalidate","expires":"Mon, 01 Jan 1990 00:00:00 GMT","pragma":"no-cache","date":"Thu, 08 Oct 2020 12:21:43 GMT","content-type":"application/json; charset=utf-8","vary":"X-Origin, Referer, Origin,Accept-Encoding","server":"scaffolding on HTTPServer2","x-xss-protection":"0","x-frame-options":"SAMEORIGIN","x-content-type-options":"nosniff","alt-svc":"h3-Q050=\":443\"; ma=2592000,h3-29=\":443\"; ma=2592000,h3-27=\":443\"; ma=2592000,h3-T051=\":443\"; ma=2592000,h3-T050=\":443\"; ma=2592000,h3-Q046=\":443\"; ma=2592000,h3-Q043=\":443\"; ma=2592000,quic=\":443\"; ma=2592000; v=\"46,43\"","accept-ranges":"none","transfer-encoding":"chunked"}
[debug] [2020-10-08T12:21:43.331Z] >>> HTTP REQUEST POST https://cloudresourcemanager.googleapis.com/v1/projects/bookitapp-869ac:testIamPermissions  
 {"permissions":["firebase.projects.get"]}
[debug] [2020-10-08T12:21:45.049Z] <<< HTTP RESPONSE 200 {"content-type":"application/json; charset=UTF-8","vary":"X-Origin, Referer, Origin,Accept-Encoding","date":"Thu, 08 Oct 2020 12:21:44 GMT","server":"ESF","cache-control":"private","x-xss-protection":"0","x-frame-options":"SAMEORIGIN","x-content-type-options":"nosniff","server-timing":"gfet4t7; dur=655","alt-svc":"h3-Q050=\":443\"; ma=2592000,h3-29=\":443\"; ma=2592000,h3-27=\":443\"; ma=2592000,h3-T051=\":443\"; ma=2592000,h3-T050=\":443\"; ma=2592000,h3-Q046=\":443\"; ma=2592000,h3-Q043=\":443\"; ma=2592000,quic=\":443\"; ma=2592000; v=\"46,43\"","accept-ranges":"none","transfer-encoding":"chunked"}
[debug] [2020-10-08T12:21:45.051Z] >>> HTTP REQUEST GET https://firebase.googleapis.com/v1beta1/projects/bookitapp-869ac  
 
[debug] [2020-10-08T12:21:56.299Z] <<< HTTP RESPONSE 200 {"content-type":"application/json; charset=UTF-8","vary":"X-Origin, Referer, Origin,Accept-Encoding","date":"Thu, 08 Oct 2020 12:21:56 GMT","server":"ESF","cache-control":"private","x-xss-protection":"0","x-frame-options":"SAMEORIGIN","x-content-type-options":"nosniff","alt-svc":"h3-Q050=\":443\"; ma=2592000,h3-29=\":443\"; ma=2592000,h3-27=\":443\"; ma=2592000,h3-T051=\":443\"; ma=2592000,h3-T050=\":443\"; ma=2592000,h3-Q046=\":443\"; ma=2592000,h3-Q043=\":443\"; ma=2592000,quic=\":443\"; ma=2592000; v=\"46,43\"","accept-ranges":"none","transfer-encoding":"chunked"}
[info] 
[info] === Serving from '/Users/kiss/Documents/Projects/Bookit/Bookit'...
[info] 
[warn] ⚠  Your requested "node" version "10" doesn't match your global version "12" {"metadata":{"emulator":{"name":"functions"},"message":"Your requested \"node\" version \"10\" doesn't match your global version \"12\""}}
[warn] ⚠  functions: Your GOOGLE_APPLICATION_CREDENTIALS environment variable points to /Users/kiss/Downloads/bookitapp-869ac-firebase-adminsdk-6s74w-7eddc04adc.json. Non-emulated services will access production using these credentials. Be careful! {"metadata":{"emulator":{"name":"functions"},"message":"Your GOOGLE_APPLICATION_CREDENTIALS environment variable points to /Users/kiss/Downloads/bookitapp-869ac-firebase-adminsdk-6s74w-7eddc04adc.json. Non-emulated services will access production using these credentials. Be careful!"}}
[info] i  functions: Watching "/Users/kiss/Documents/Projects/Bookit/Bookit/functions" for Cloud Functions... {"metadata":{"emulator":{"name":"functions"},"message":"Watching \"/Users/kiss/Documents/Projects/Bookit/Bookit/functions\" for Cloud Functions..."}}
[debug] [2020-10-08T12:21:56.340Z] [worker-pool] addWorker(~diagnostic~) {"metadata":{"emulator":{"name":"functions"},"message":"[worker-pool] addWorker(~diagnostic~)"}}
[debug] [2020-10-08T12:21:56.340Z] [worker-pool] Adding worker with key ~diagnostic~, total=1 {"metadata":{"emulator":{"name":"functions"},"message":"[worker-pool] Adding worker with key ~diagnostic~, total=1"}}
[debug] [2020-10-08T12:21:56.340Z] [worker-pool] submitWork(triggerId=) {"metadata":{"emulator":{"name":"functions"},"message":"[worker-pool] submitWork(triggerId=)"}}
[debug] [2020-10-08T12:21:56.341Z] [worker-~diagnostic~-60020182-1a13-48fe-8be3-920f6bd5778e]: Assigning socketPath: /var/folders/72/kr9fg2px7wq3j9cz4h455tcc0000gn/T/fire_emu_34561.sock {"metadata":{"emulator":{"name":"functions"},"message":"[worker-~diagnostic~-60020182-1a13-48fe-8be3-920f6bd5778e]: Assigning socketPath: /var/folders/72/kr9fg2px7wq3j9cz4h455tcc0000gn/T/fire_emu_34561.sock"}}
[debug] [2020-10-08T12:21:56.341Z] [worker-~diagnostic~-60020182-1a13-48fe-8be3-920f6bd5778e]: BUSY {"metadata":{"emulator":{"name":"functions"},"message":"[worker-~diagnostic~-60020182-1a13-48fe-8be3-920f6bd5778e]: BUSY"}}
[debug] [2020-10-08T12:21:56.724Z] [runtime-status] [34561] Functions runtime initialized. {"cwd":"/Users/kiss/Documents/Projects/Bookit/Bookit/functions","node_version":"12.18.3"} {"metadata":{"emulator":{"name":"functions"},"message":"[runtime-status] [34561] Functions runtime initialized. {\"cwd\":\"/Users/kiss/Documents/Projects/Bookit/Bookit/functions\",\"node_version\":\"12.18.3\"}"}}
[debug] [2020-10-08T12:21:56.726Z] [runtime-status] [34561] Disabled runtime features: undefined {"metadata":{"emulator":{"name":"functions"},"message":"[runtime-status] [34561] Disabled runtime features: undefined"}}
[warn] ⚠  The Cloud Functions emulator requires the module "firebase-admin" to be installed. This package is in your package.json, but it's not available. You probably need to run "npm install" in your functions directory. {"metadata":{"emulator":{"name":"functions"},"message":"The Cloud Functions emulator requires the module \"firebase-admin\" to be installed. This package is in your package.json, but it's not available. You probably need to run \"npm install\" in your functions directory."}}
[info] i  functions: Your functions could not be parsed due to an issue with your node_modules (see above) {"metadata":{"emulator":{"name":"functions"},"message":"Your functions could not be parsed due to an issue with your node_modules (see above)"}}
[debug] [2020-10-08T12:21:56.757Z] [worker-~diagnostic~-60020182-1a13-48fe-8be3-920f6bd5778e]: exited {"metadata":{"emulator":{"name":"functions"},"message":"[worker-~diagnostic~-60020182-1a13-48fe-8be3-920f6bd5778e]: exited"}}
[debug] [2020-10-08T12:21:56.757Z] [worker-~diagnostic~-60020182-1a13-48fe-8be3-920f6bd5778e]: FINISHED {"metadata":{"emulator":{"name":"functions"},"message":"[worker-~diagnostic~-60020182-1a13-48fe-8be3-920f6bd5778e]: FINISHED"}}
[debug] [2020-10-08T18:34:21.971Z] File /Users/kiss/Documents/Projects/Bookit/Bookit/functions/index.js changed, reloading triggers {"metadata":{"emulator":{"name":"functions"},"message":"File /Users/kiss/Documents/Projects/Bookit/Bookit/functions/index.js changed, reloading triggers"}}
[debug] [2020-10-08T18:34:22.976Z] [worker-pool] Cleaned up workers for ~diagnostic~: 1 --> 0 {"metadata":{"emulator":{"name":"functions"},"message":"[worker-pool] Cleaned up workers for ~diagnostic~: 1 --> 0"}}
[debug] [2020-10-08T18:34:22.986Z] [worker-pool] addWorker(~diagnostic~) {"metadata":{"emulator":{"name":"functions"},"message":"[worker-pool] addWorker(~diagnostic~)"}}
[debug] [2020-10-08T18:34:22.987Z] [worker-pool] Adding worker with key ~diagnostic~, total=1 {"metadata":{"emulator":{"name":"functions"},"message":"[worker-pool] Adding worker with key ~diagnostic~, total=1"}}
[debug] [2020-10-08T18:34:22.987Z] [worker-pool] submitWork(triggerId=) {"metadata":{"emulator":{"name":"functions"},"message":"[worker-pool] submitWork(triggerId=)"}}
[debug] [2020-10-08T18:34:22.987Z] [worker-~diagnostic~-e5110e16-e5f6-44bc-add0-c1732a3c9d38]: Assigning socketPath: /var/folders/72/kr9fg2px7wq3j9cz4h455tcc0000gn/T/fire_emu_36191.sock {"metadata":{"emulator":{"name":"functions"},"message":"[worker-~diagnostic~-e5110e16-e5f6-44bc-add0-c1732a3c9d38]: Assigning socketPath: /var/folders/72/kr9fg2px7wq3j9cz4h455tcc0000gn/T/fire_emu_36191.sock"}}
[debug] [2020-10-08T18:34:22.988Z] [worker-~diagnostic~-e5110e16-e5f6-44bc-add0-c1732a3c9d38]: BUSY {"metadata":{"emulator":{"name":"functions"},"message":"[worker-~diagnostic~-e5110e16-e5f6-44bc-add0-c1732a3c9d38]: BUSY"}}
[debug] [2020-10-08T18:34:24.172Z] [runtime-status] [36191] Functions runtime initialized. {"cwd":"/Users/kiss/Documents/Projects/Bookit/Bookit/functions","node_version":"12.18.3"} {"metadata":{"emulator":{"name":"functions"},"message":"[runtime-status] [36191] Functions runtime initialized. {\"cwd\":\"/Users/kiss/Documents/Projects/Bookit/Bookit/functions\",\"node_version\":\"12.18.3\"}"}}
[debug] [2020-10-08T18:34:24.176Z] [runtime-status] [36191] Disabled runtime features: undefined {"metadata":{"emulator":{"name":"functions"},"message":"[runtime-status] [36191] Disabled runtime features: undefined"}}
[warn] ⚠  The Cloud Functions emulator requires the module "firebase-admin" to be installed. This package is in your package.json, but it's not available. You probably need to run "npm install" in your functions directory. {"metadata":{"emulator":{"name":"functions"},"message":"The Cloud Functions emulator requires the module \"firebase-admin\" to be installed. This package is in your package.json, but it's not available. You probably need to run \"npm install\" in your functions directory."}}
[info] i  functions: Your functions could not be parsed due to an issue with your node_modules (see above) {"metadata":{"emulator":{"name":"functions"},"message":"Your functions could not be parsed due to an issue with your node_modules (see above)"}}
[debug] [2020-10-08T18:34:24.195Z] [worker-~diagnostic~-e5110e16-e5f6-44bc-add0-c1732a3c9d38]: exited {"metadata":{"emulator":{"name":"functions"},"message":"[worker-~diagnostic~-e5110e16-e5f6-44bc-add0-c1732a3c9d38]: exited"}}
[debug] [2020-10-08T18:34:24.195Z] [worker-~diagnostic~-e5110e16-e5f6-44bc-add0-c1732a3c9d38]: FINISHED {"metadata":{"emulator":{"name":"functions"},"message":"[worker-~diagnostic~-e5110e16-e5f6-44bc-add0-c1732a3c9d38]: FINISHED"}}
[debug] [2020-10-08T18:37:03.707Z] File /Users/kiss/Documents/Projects/Bookit/Bookit/functions/util/config.js changed, reloading triggers {"metadata":{"emulator":{"name":"functions"},"message":"File /Users/kiss/Documents/Projects/Bookit/Bookit/functions/util/config.js changed, reloading triggers"}}
[debug] [2020-10-08T18:37:04.710Z] [worker-pool] Cleaned up workers for ~diagnostic~: 1 --> 0 {"metadata":{"emulator":{"name":"functions"},"message":"[worker-pool] Cleaned up workers for ~diagnostic~: 1 --> 0"}}
[debug] [2020-10-08T18:37:04.718Z] [worker-pool] addWorker(~diagnostic~) {"metadata":{"emulator":{"name":"functions"},"message":"[worker-pool] addWorker(~diagnostic~)"}}
[debug] [2020-10-08T18:37:04.719Z] [worker-pool] Adding worker with key ~diagnostic~, total=1 {"metadata":{"emulator":{"name":"functions"},"message":"[worker-pool] Adding worker with key ~diagnostic~, total=1"}}
[debug] [2020-10-08T18:37:04.719Z] [worker-pool] submitWork(triggerId=) {"metadata":{"emulator":{"name":"functions"},"message":"[worker-pool] submitWork(triggerId=)"}}
[debug] [2020-10-08T18:37:04.719Z] [worker-~diagnostic~-bebfea4b-1d4a-4f2a-acfc-2e21e2abb55f]: Assigning socketPath: /var/folders/72/kr9fg2px7wq3j9cz4h455tcc0000gn/T/fire_emu_36253.sock {"metadata":{"emulator":{"name":"functions"},"message":"[worker-~diagnostic~-bebfea4b-1d4a-4f2a-acfc-2e21e2abb55f]: Assigning socketPath: /var/folders/72/kr9fg2px7wq3j9cz4h455tcc0000gn/T/fire_emu_36253.sock"}}
[debug] [2020-10-08T18:37:04.720Z] [worker-~diagnostic~-bebfea4b-1d4a-4f2a-acfc-2e21e2abb55f]: BUSY {"metadata":{"emulator":{"name":"functions"},"message":"[worker-~diagnostic~-bebfea4b-1d4a-4f2a-acfc-2e21e2abb55f]: BUSY"}}
[debug] [2020-10-08T18:37:05.675Z] [runtime-status] [36253] Functions runtime initialized. {"cwd":"/Users/kiss/Documents/Projects/Bookit/Bookit/functions","node_version":"12.18.3"} {"metadata":{"emulator":{"name":"functions"},"message":"[runtime-status] [36253] Functions runtime initialized. {\"cwd\":\"/Users/kiss/Documents/Projects/Bookit/Bookit/functions\",\"node_version\":\"12.18.3\"}"}}
[debug] [2020-10-08T18:37:05.680Z] [runtime-status] [36253] Disabled runtime features: undefined {"metadata":{"emulator":{"name":"functions"},"message":"[runtime-status] [36253] Disabled runtime features: undefined"}}
[warn] ⚠  The Cloud Functions emulator requires the module "firebase-admin" to be installed. This package is in your package.json, but it's not available. You probably need to run "npm install" in your functions directory. {"metadata":{"emulator":{"name":"functions"},"message":"The Cloud Functions emulator requires the module \"firebase-admin\" to be installed. This package is in your package.json, but it's not available. You probably need to run \"npm install\" in your functions directory."}}
[info] i  functions: Your functions could not be parsed due to an issue with your node_modules (see above) {"metadata":{"emulator":{"name":"functions"},"message":"Your functions could not be parsed due to an issue with your node_modules (see above)"}}
[debug] [2020-10-08T18:37:05.710Z] [worker-~diagnostic~-bebfea4b-1d4a-4f2a-acfc-2e21e2abb55f]: exited {"metadata":{"emulator":{"name":"functions"},"message":"[worker-~diagnostic~-bebfea4b-1d4a-4f2a-acfc-2e21e2abb55f]: exited"}}
[debug] [2020-10-08T18:37:05.710Z] [worker-~diagnostic~-bebfea4b-1d4a-4f2a-acfc-2e21e2abb55f]: FINISHED {"metadata":{"emulator":{"name":"functions"},"message":"[worker-~diagnostic~-bebfea4b-1d4a-4f2a-acfc-2e21e2abb55f]: FINISHED"}}
[debug] [2020-10-08T18:37:20.129Z] File /Users/kiss/Documents/Projects/Bookit/Bookit/functions/util/config.js changed, reloading triggers {"metadata":{"emulator":{"name":"functions"},"message":"File /Users/kiss/Documents/Projects/Bookit/Bookit/functions/util/config.js changed, reloading triggers"}}
[debug] [2020-10-08T18:37:21.133Z] [worker-pool] Cleaned up workers for ~diagnostic~: 1 --> 0 {"metadata":{"emulator":{"name":"functions"},"message":"[worker-pool] Cleaned up workers for ~diagnostic~: 1 --> 0"}}
[debug] [2020-10-08T18:37:21.141Z] [worker-pool] addWorker(~diagnostic~) {"metadata":{"emulator":{"name":"functions"},"message":"[worker-pool] addWorker(~diagnostic~)"}}
[debug] [2020-10-08T18:37:21.144Z] [worker-pool] Adding worker with key ~diagnostic~, total=1 {"metadata":{"emulator":{"name":"functions"},"message":"[worker-pool] Adding worker with key ~diagnostic~, total=1"}}
[debug] [2020-10-08T18:37:21.144Z] [worker-pool] submitWork(triggerId=) {"metadata":{"emulator":{"name":"functions"},"message":"[worker-pool] submitWork(triggerId=)"}}
[debug] [2020-10-08T18:37:21.144Z] [worker-~diagnostic~-9d3f529b-0cc4-4886-afbf-8e99a1b0a111]: Assigning socketPath: /var/folders/72/kr9fg2px7wq3j9cz4h455tcc0000gn/T/fire_emu_36273.sock {"metadata":{"emulator":{"name":"functions"},"message":"[worker-~diagnostic~-9d3f529b-0cc4-4886-afbf-8e99a1b0a111]: Assigning socketPath: /var/folders/72/kr9fg2px7wq3j9cz4h455tcc0000gn/T/fire_emu_36273.sock"}}
[debug] [2020-10-08T18:37:21.145Z] [worker-~diagnostic~-9d3f529b-0cc4-4886-afbf-8e99a1b0a111]: BUSY {"metadata":{"emulator":{"name":"functions"},"message":"[worker-~diagnostic~-9d3f529b-0cc4-4886-afbf-8e99a1b0a111]: BUSY"}}
[debug] [2020-10-08T18:37:21.481Z] [runtime-status] [36273] Functions runtime initialized. {"cwd":"/Users/kiss/Documents/Projects/Bookit/Bookit/functions","node_version":"12.18.3"} {"metadata":{"emulator":{"name":"functions"},"message":"[runtime-status] [36273] Functions runtime initialized. {\"cwd\":\"/Users/kiss/Documents/Projects/Bookit/Bookit/functions\",\"node_version\":\"12.18.3\"}"}}
[debug] [2020-10-08T18:37:21.488Z] [runtime-status] [36273] Disabled runtime features: undefined {"metadata":{"emulator":{"name":"functions"},"message":"[runtime-status] [36273] Disabled runtime features: undefined"}}
[warn] ⚠  The Cloud Functions emulator requires the module "firebase-admin" to be installed. This package is in your package.json, but it's not available. You probably need to run "npm install" in your functions directory. {"metadata":{"emulator":{"name":"functions"},"message":"The Cloud Functions emulator requires the module \"firebase-admin\" to be installed. This package is in your package.json, but it's not available. You probably need to run \"npm install\" in your functions directory."}}
[info] i  functions: Your functions could not be parsed due to an issue with your node_modules (see above) {"metadata":{"emulator":{"name":"functions"},"message":"Your functions could not be parsed due to an issue with your node_modules (see above)"}}
[debug] [2020-10-08T18:37:21.517Z] [worker-~diagnostic~-9d3f529b-0cc4-4886-afbf-8e99a1b0a111]: exited {"metadata":{"emulator":{"name":"functions"},"message":"[worker-~diagnostic~-9d3f529b-0cc4-4886-afbf-8e99a1b0a111]: exited"}}
[debug] [2020-10-08T18:37:21.518Z] [worker-~diagnostic~-9d3f529b-0cc4-4886-afbf-8e99a1b0a111]: FINISHED {"metadata":{"emulator":{"name":"functions"},"message":"[worker-~diagnostic~-9d3f529b-0cc4-4886-afbf-8e99a1b0a111]: FINISHED"}}
[debug] [2020-10-08T18:37:47.150Z] File /Users/kiss/Documents/Projects/Bookit/Bookit/functions/util/config.js changed, reloading triggers {"metadata":{"emulator":{"name":"functions"},"message":"File /Users/kiss/Documents/Projects/Bookit/Bookit/functions/util/config.js changed, reloading triggers"}}
[debug] [2020-10-08T18:37:48.154Z] [worker-pool] Cleaned up workers for ~diagnostic~: 1 --> 0 {"metadata":{"emulator":{"name":"functions"},"message":"[worker-pool] Cleaned up workers for ~diagnostic~: 1 --> 0"}}
[debug] [2020-10-08T18:37:48.162Z] [worker-pool] addWorker(~diagnostic~) {"metadata":{"emulator":{"name":"functions"},"message":"[worker-pool] addWorker(~diagnostic~)"}}
[debug] [2020-10-08T18:37:48.162Z] [worker-pool] Adding worker with key ~diagnostic~, total=1 {"metadata":{"emulator":{"name":"functions"},"message":"[worker-pool] Adding worker with key ~diagnostic~, total=1"}}
[debug] [2020-10-08T18:37:48.163Z] [worker-pool] submitWork(triggerId=) {"metadata":{"emulator":{"name":"functions"},"message":"[worker-pool] submitWork(triggerId=)"}}
[debug] [2020-10-08T18:37:48.163Z] [worker-~diagnostic~-8c5aaf12-b94c-40de-a487-1333bbeec9c1]: Assigning socketPath: /var/folders/72/kr9fg2px7wq3j9cz4h455tcc0000gn/T/fire_emu_36287.sock {"metadata":{"emulator":{"name":"functions"},"message":"[worker-~diagnostic~-8c5aaf12-b94c-40de-a487-1333bbeec9c1]: Assigning socketPath: /var/folders/72/kr9fg2px7wq3j9cz4h455tcc0000gn/T/fire_emu_36287.sock"}}
[debug] [2020-10-08T18:37:48.163Z] [worker-~diagnostic~-8c5aaf12-b94c-40de-a487-1333bbeec9c1]: BUSY {"metadata":{"emulator":{"name":"functions"},"message":"[worker-~diagnostic~-8c5aaf12-b94c-40de-a487-1333bbeec9c1]: BUSY"}}
[debug] [2020-10-08T18:37:48.544Z] [runtime-status] [36287] Functions runtime initialized. {"cwd":"/Users/kiss/Documents/Projects/Bookit/Bookit/functions","node_version":"12.18.3"} {"metadata":{"emulator":{"name":"functions"},"message":"[runtime-status] [36287] Functions runtime initialized. {\"cwd\":\"/Users/kiss/Documents/Projects/Bookit/Bookit/functions\",\"node_version\":\"12.18.3\"}"}}
[debug] [2020-10-08T18:37:48.547Z] [runtime-status] [36287] Disabled runtime features: undefined {"metadata":{"emulator":{"name":"functions"},"message":"[runtime-status] [36287] Disabled runtime features: undefined"}}
[warn] ⚠  The Cloud Functions emulator requires the module "firebase-admin" to be installed. This package is in your package.json, but it's not available. You probably need to run "npm install" in your functions directory. {"metadata":{"emulator":{"name":"functions"},"message":"The Cloud Functions emulator requires the module \"firebase-admin\" to be installed. This package is in your package.json, but it's not available. You probably need to run \"npm install\" in your functions directory."}}
[info] i  functions: Your functions could not be parsed due to an issue with your node_modules (see above) {"metadata":{"emulator":{"name":"functions"},"message":"Your functions could not be parsed due to an issue with your node_modules (see above)"}}
[debug] [2020-10-08T18:37:48.574Z] [worker-~diagnostic~-8c5aaf12-b94c-40de-a487-1333bbeec9c1]: exited {"metadata":{"emulator":{"name":"functions"},"message":"[worker-~diagnostic~-8c5aaf12-b94c-40de-a487-1333bbeec9c1]: exited"}}
[debug] [2020-10-08T18:37:48.574Z] [worker-~diagnostic~-8c5aaf12-b94c-40de-a487-1333bbeec9c1]: FINISHED {"metadata":{"emulator":{"name":"functions"},"message":"[worker-~diagnostic~-8c5aaf12-b94c-40de-a487-1333bbeec9c1]: FINISHED"}}
[debug] [2020-10-08T18:38:40.656Z] File /Users/kiss/Documents/Projects/Bookit/Bookit/functions/APIs/users.js changed, reloading triggers {"metadata":{"emulator":{"name":"functions"},"message":"File /Users/kiss/Documents/Projects/Bookit/Bookit/functions/APIs/users.js changed, reloading triggers"}}
[debug] [2020-10-08T18:38:41.662Z] [worker-pool] Cleaned up workers for ~diagnostic~: 1 --> 0 {"metadata":{"emulator":{"name":"functions"},"message":"[worker-pool] Cleaned up workers for ~diagnostic~: 1 --> 0"}}
[debug] [2020-10-08T18:38:41.669Z] [worker-pool] addWorker(~diagnostic~) {"metadata":{"emulator":{"name":"functions"},"message":"[worker-pool] addWorker(~diagnostic~)"}}
[debug] [2020-10-08T18:38:41.670Z] [worker-pool] Adding worker with key ~diagnostic~, total=1 {"metadata":{"emulator":{"name":"functions"},"message":"[worker-pool] Adding worker with key ~diagnostic~, total=1"}}
[debug] [2020-10-08T18:38:41.670Z] [worker-pool] submitWork(triggerId=) {"metadata":{"emulator":{"name":"functions"},"message":"[worker-pool] submitWork(triggerId=)"}}
[debug] [2020-10-08T18:38:41.671Z] [worker-~diagnostic~-42061161-a028-4a03-995e-96f788017a8a]: Assigning socketPath: /var/folders/72/kr9fg2px7wq3j9cz4h455tcc0000gn/T/fire_emu_36313.sock {"metadata":{"emulator":{"name":"functions"},"message":"[worker-~diagnostic~-42061161-a028-4a03-995e-96f788017a8a]: Assigning socketPath: /var/folders/72/kr9fg2px7wq3j9cz4h455tcc0000gn/T/fire_emu_36313.sock"}}
[debug] [2020-10-08T18:38:41.671Z] [worker-~diagnostic~-42061161-a028-4a03-995e-96f788017a8a]: BUSY {"metadata":{"emulator":{"name":"functions"},"message":"[worker-~diagnostic~-42061161-a028-4a03-995e-96f788017a8a]: BUSY"}}
[debug] [2020-10-08T18:38:41.996Z] [runtime-status] [36313] Functions runtime initialized. {"cwd":"/Users/kiss/Documents/Projects/Bookit/Bookit/functions","node_version":"12.18.3"} {"metadata":{"emulator":{"name":"functions"},"message":"[runtime-status] [36313] Functions runtime initialized. {\"cwd\":\"/Users/kiss/Documents/Projects/Bookit/Bookit/functions\",\"node_version\":\"12.18.3\"}"}}
[debug] [2020-10-08T18:38:41.998Z] [runtime-status] [36313] Disabled runtime features: undefined {"metadata":{"emulator":{"name":"functions"},"message":"[runtime-status] [36313] Disabled runtime features: undefined"}}
[warn] ⚠  The Cloud Functions emulator requires the module "firebase-admin" to be installed. This package is in your package.json, but it's not available. You probably need to run "npm install" in your functions directory. {"metadata":{"emulator":{"name":"functions"},"message":"The Cloud Functions emulator requires the module \"firebase-admin\" to be installed. This package is in your package.json, but it's not available. You probably need to run \"npm install\" in your functions directory."}}
[info] i  functions: Your functions could not be parsed due to an issue with your node_modules (see above) {"metadata":{"emulator":{"name":"functions"},"message":"Your functions could not be parsed due to an issue with your node_modules (see above)"}}
[debug] [2020-10-08T18:38:42.021Z] [worker-~diagnostic~-42061161-a028-4a03-995e-96f788017a8a]: exited {"metadata":{"emulator":{"name":"functions"},"message":"[worker-~diagnostic~-42061161-a028-4a03-995e-96f788017a8a]: exited"}}
[debug] [2020-10-08T18:38:42.021Z] [worker-~diagnostic~-42061161-a028-4a03-995e-96f788017a8a]: FINISHED {"metadata":{"emulator":{"name":"functions"},"message":"[worker-~diagnostic~-42061161-a028-4a03-995e-96f788017a8a]: FINISHED"}}
[debug] [2020-10-08T18:40:10.377Z] File /Users/kiss/Documents/Projects/Bookit/Bookit/functions/util/validators.js changed, reloading triggers {"metadata":{"emulator":{"name":"functions"},"message":"File /Users/kiss/Documents/Projects/Bookit/Bookit/functions/util/validators.js changed, reloading triggers"}}
[debug] [2020-10-08T18:40:11.379Z] [worker-pool] Cleaned up workers for ~diagnostic~: 1 --> 0 {"metadata":{"emulator":{"name":"functions"},"message":"[worker-pool] Cleaned up workers for ~diagnostic~: 1 --> 0"}}
[debug] [2020-10-08T18:40:11.387Z] [worker-pool] addWorker(~diagnostic~) {"metadata":{"emulator":{"name":"functions"},"message":"[worker-pool] addWorker(~diagnostic~)"}}
[debug] [2020-10-08T18:40:11.387Z] [worker-pool] Adding worker with key ~diagnostic~, total=1 {"metadata":{"emulator":{"name":"functions"},"message":"[worker-pool] Adding worker with key ~diagnostic~, total=1"}}
[debug] [2020-10-08T18:40:11.387Z] [worker-pool] submitWork(triggerId=) {"metadata":{"emulator":{"name":"functions"},"message":"[worker-pool] submitWork(triggerId=)"}}
[debug] [2020-10-08T18:40:11.387Z] [worker-~diagnostic~-ab274f3b-0d80-4ab2-8b9b-3f43e1454770]: Assigning socketPath: /var/folders/72/kr9fg2px7wq3j9cz4h455tcc0000gn/T/fire_emu_36358.sock {"metadata":{"emulator":{"name":"functions"},"message":"[worker-~diagnostic~-ab274f3b-0d80-4ab2-8b9b-3f43e1454770]: Assigning socketPath: /var/folders/72/kr9fg2px7wq3j9cz4h455tcc0000gn/T/fire_emu_36358.sock"}}
[debug] [2020-10-08T18:40:11.387Z] [worker-~diagnostic~-ab274f3b-0d80-4ab2-8b9b-3f43e1454770]: BUSY {"metadata":{"emulator":{"name":"functions"},"message":"[worker-~diagnostic~-ab274f3b-0d80-4ab2-8b9b-3f43e1454770]: BUSY"}}
[debug] [2020-10-08T18:40:12.602Z] [runtime-status] [36358] Functions runtime initialized. {"cwd":"/Users/kiss/Documents/Projects/Bookit/Bookit/functions","node_version":"12.18.3"} {"metadata":{"emulator":{"name":"functions"},"message":"[runtime-status] [36358] Functions runtime initialized. {\"cwd\":\"/Users/kiss/Documents/Projects/Bookit/Bookit/functions\",\"node_version\":\"12.18.3\"}"}}
[debug] [2020-10-08T18:40:12.607Z] [runtime-status] [36358] Disabled runtime features: undefined {"metadata":{"emulator":{"name":"functions"},"message":"[runtime-status] [36358] Disabled runtime features: undefined"}}
[warn] ⚠  The Cloud Functions emulator requires the module "firebase-admin" to be installed. This package is in your package.json, but it's not available. You probably need to run "npm install" in your functions directory. {"metadata":{"emulator":{"name":"functions"},"message":"The Cloud Functions emulator requires the module \"firebase-admin\" to be installed. This package is in your package.json, but it's not available. You probably need to run \"npm install\" in your functions directory."}}
[info] i  functions: Your functions could not be parsed due to an issue with your node_modules (see above) {"metadata":{"emulator":{"name":"functions"},"message":"Your functions could not be parsed due to an issue with your node_modules (see above)"}}
[debug] [2020-10-08T18:40:12.642Z] [worker-~diagnostic~-ab274f3b-0d80-4ab2-8b9b-3f43e1454770]: exited {"metadata":{"emulator":{"name":"functions"},"message":"[worker-~diagnostic~-ab274f3b-0d80-4ab2-8b9b-3f43e1454770]: exited"}}
[debug] [2020-10-08T18:40:12.642Z] [worker-~diagnostic~-ab274f3b-0d80-4ab2-8b9b-3f43e1454770]: FINISHED {"metadata":{"emulator":{"name":"functions"},"message":"[worker-~diagnostic~-ab274f3b-0d80-4ab2-8b9b-3f43e1454770]: FINISHED"}}
[debug] [2020-10-08T18:40:54.105Z] ----------------------------------------------------------------------
[debug] [2020-10-08T18:40:54.108Z] Command:       /usr/local/bin/node /usr/local/bin/firebase serve
[debug] [2020-10-08T18:40:54.109Z] CLI Version:   8.12.0
[debug] [2020-10-08T18:40:54.109Z] Platform:      darwin
[debug] [2020-10-08T18:40:54.109Z] Node Version:  v12.18.3
[debug] [2020-10-08T18:40:54.111Z] Time:          Thu Oct 08 2020 19:40:54 GMT+0100 (West Africa Standard Time)
[debug] [2020-10-08T18:40:54.111Z] ----------------------------------------------------------------------
[debug] [2020-10-08T18:40:54.111Z] 
[debug] [2020-10-08T18:40:54.126Z] > command requires scopes: ["email","openid","https://www.googleapis.com/auth/cloudplatformprojects.readonly","https://www.googleapis.com/auth/firebase","https://www.googleapis.com/auth/cloud-platform"]
[debug] [2020-10-08T18:40:54.127Z] > authorizing via signed-in user
[debug] [2020-10-08T18:40:54.127Z] [iam] checking project bookitapp-869ac for permissions ["firebase.projects.get"]
[debug] [2020-10-08T18:40:54.131Z] > refreshing access token with scopes: ["email","https://www.googleapis.com/auth/cloud-platform","https://www.googleapis.com/auth/cloudplatformprojects.readonly","https://www.googleapis.com/auth/firebase","openid"]
[debug] [2020-10-08T18:40:54.131Z] >>> HTTP REQUEST POST https://www.googleapis.com/oauth2/v3/token  
 <request body omitted>
[debug] [2020-10-08T18:40:55.664Z] <<< HTTP RESPONSE 200 {"pragma":"no-cache","cache-control":"no-cache, no-store, max-age=0, must-revalidate","expires":"Mon, 01 Jan 1990 00:00:00 GMT","date":"Thu, 08 Oct 2020 18:40:55 GMT","content-type":"application/json; charset=utf-8","vary":"X-Origin, Referer, Origin,Accept-Encoding","server":"scaffolding on HTTPServer2","x-xss-protection":"0","x-frame-options":"SAMEORIGIN","x-content-type-options":"nosniff","alt-svc":"h3-Q050=\":443\"; ma=2592000,h3-29=\":443\"; ma=2592000,h3-27=\":443\"; ma=2592000,h3-T051=\":443\"; ma=2592000,h3-T050=\":443\"; ma=2592000,h3-Q046=\":443\"; ma=2592000,h3-Q043=\":443\"; ma=2592000,quic=\":443\"; ma=2592000; v=\"46,43\"","accept-ranges":"none","transfer-encoding":"chunked"}
[debug] [2020-10-08T18:40:55.681Z] >>> HTTP REQUEST POST https://cloudresourcemanager.googleapis.com/v1/projects/bookitapp-869ac:testIamPermissions  
 {"permissions":["firebase.projects.get"]}
[debug] [2020-10-08T18:40:57.062Z] <<< HTTP RESPONSE 200 {"content-type":"application/json; charset=UTF-8","vary":"X-Origin, Referer, Origin,Accept-Encoding","date":"Thu, 08 Oct 2020 18:40:56 GMT","server":"ESF","cache-control":"private","x-xss-protection":"0","x-frame-options":"SAMEORIGIN","x-content-type-options":"nosniff","server-timing":"gfet4t7; dur=144","alt-svc":"h3-Q050=\":443\"; ma=2592000,h3-29=\":443\"; ma=2592000,h3-27=\":443\"; ma=2592000,h3-T051=\":443\"; ma=2592000,h3-T050=\":443\"; ma=2592000,h3-Q046=\":443\"; ma=2592000,h3-Q043=\":443\"; ma=2592000,quic=\":443\"; ma=2592000; v=\"46,43\"","accept-ranges":"none","transfer-encoding":"chunked"}
[debug] [2020-10-08T18:40:57.064Z] >>> HTTP REQUEST GET https://firebase.googleapis.com/v1beta1/projects/bookitapp-869ac  
 
[debug] [2020-10-08T18:40:58.506Z] <<< HTTP RESPONSE 200 {"content-type":"application/json; charset=UTF-8","vary":"X-Origin, Referer, Origin,Accept-Encoding","date":"Thu, 08 Oct 2020 18:40:58 GMT","server":"ESF","cache-control":"private","x-xss-protection":"0","x-frame-options":"SAMEORIGIN","x-content-type-options":"nosniff","alt-svc":"h3-Q050=\":443\"; ma=2592000,h3-29=\":443\"; ma=2592000,h3-27=\":443\"; ma=2592000,h3-T051=\":443\"; ma=2592000,h3-T050=\":443\"; ma=2592000,h3-Q046=\":443\"; ma=2592000,h3-Q043=\":443\"; ma=2592000,quic=\":443\"; ma=2592000; v=\"46,43\"","accept-ranges":"none","transfer-encoding":"chunked"}
[info] 
[info] === Serving from '/Users/kiss/Documents/Projects/Bookit/Bookit'...
[info] 
[warn] ⚠  Your requested "node" version "10" doesn't match your global version "12" {"metadata":{"emulator":{"name":"functions"},"message":"Your requested \"node\" version \"10\" doesn't match your global version \"12\""}}
[debug] [2020-10-08T18:40:58.529Z] defaultcredentials: writing to file /Users/kiss/.config/firebase/omokwek_gmail_com_application_default_credentials.json
[debug] [2020-10-08T18:40:58.532Z] Setting GAC to /Users/kiss/.config/firebase/omokwek_gmail_com_application_default_credentials.json {"metadata":{"emulator":{"name":"functions"},"message":"Setting GAC to /Users/kiss/.config/firebase/omokwek_gmail_com_application_default_credentials.json"}}
[info] i  functions: Watching "/Users/kiss/Documents/Projects/Bookit/Bookit/functions" for Cloud Functions... {"metadata":{"emulator":{"name":"functions"},"message":"Watching \"/Users/kiss/Documents/Projects/Bookit/Bookit/functions\" for Cloud Functions..."}}
[debug] [2020-10-08T18:40:58.555Z] [worker-pool] addWorker(~diagnostic~) {"metadata":{"emulator":{"name":"functions"},"message":"[worker-pool] addWorker(~diagnostic~)"}}
[debug] [2020-10-08T18:40:58.555Z] [worker-pool] Adding worker with key ~diagnostic~, total=1 {"metadata":{"emulator":{"name":"functions"},"message":"[worker-pool] Adding worker with key ~diagnostic~, total=1"}}
[debug] [2020-10-08T18:40:58.556Z] [worker-pool] submitWork(triggerId=) {"metadata":{"emulator":{"name":"functions"},"message":"[worker-pool] submitWork(triggerId=)"}}
[debug] [2020-10-08T18:40:58.556Z] [worker-~diagnostic~-64b1d091-1f31-486e-bdbc-f28509d51bd2]: Assigning socketPath: /var/folders/72/kr9fg2px7wq3j9cz4h455tcc0000gn/T/fire_emu_36371.sock {"metadata":{"emulator":{"name":"functions"},"message":"[worker-~diagnostic~-64b1d091-1f31-486e-bdbc-f28509d51bd2]: Assigning socketPath: /var/folders/72/kr9fg2px7wq3j9cz4h455tcc0000gn/T/fire_emu_36371.sock"}}
[debug] [2020-10-08T18:40:58.556Z] [worker-~diagnostic~-64b1d091-1f31-486e-bdbc-f28509d51bd2]: BUSY {"metadata":{"emulator":{"name":"functions"},"message":"[worker-~diagnostic~-64b1d091-1f31-486e-bdbc-f28509d51bd2]: BUSY"}}
[debug] [2020-10-08T18:40:58.858Z] [runtime-status] [36371] Functions runtime initialized. {"cwd":"/Users/kiss/Documents/Projects/Bookit/Bookit/functions","node_version":"12.18.3"} {"metadata":{"emulator":{"name":"functions"},"message":"[runtime-status] [36371] Functions runtime initialized. {\"cwd\":\"/Users/kiss/Documents/Projects/Bookit/Bookit/functions\",\"node_version\":\"12.18.3\"}"}}
[debug] [2020-10-08T18:40:58.861Z] [runtime-status] [36371] Disabled runtime features: undefined {"metadata":{"emulator":{"name":"functions"},"message":"[runtime-status] [36371] Disabled runtime features: undefined"}}
[warn] ⚠  The Cloud Functions emulator requires the module "firebase-admin" to be installed. This package is in your package.json, but it's not available. You probably need to run "npm install" in your functions directory. {"metadata":{"emulator":{"name":"functions"},"message":"The Cloud Functions emulator requires the module \"firebase-admin\" to be installed. This package is in your package.json, but it's not available. You probably need to run \"npm install\" in your functions directory."}}
[info] i  functions: Your functions could not be parsed due to an issue with your node_modules (see above) {"metadata":{"emulator":{"name":"functions"},"message":"Your functions could not be parsed due to an issue with your node_modules (see above)"}}
[debug] [2020-10-08T18:40:58.893Z] [worker-~diagnostic~-64b1d091-1f31-486e-bdbc-f28509d51bd2]: exited {"metadata":{"emulator":{"name":"functions"},"message":"[worker-~diagnostic~-64b1d091-1f31-486e-bdbc-f28509d51bd2]: exited"}}
[debug] [2020-10-08T18:40:58.894Z] [worker-~diagnostic~-64b1d091-1f31-486e-bdbc-f28509d51bd2]: FINISHED {"metadata":{"emulator":{"name":"functions"},"message":"[worker-~diagnostic~-64b1d091-1f31-486e-bdbc-f28509d51bd2]: FINISHED"}}
[debug] [2020-10-08T18:52:22.579Z] File /Users/kiss/Documents/Projects/Bookit/Bookit/functions/APIs/users.js changed, reloading triggers {"metadata":{"emulator":{"name":"functions"},"message":"File /Users/kiss/Documents/Projects/Bookit/Bookit/functions/APIs/users.js changed, reloading triggers"}}
[debug] [2020-10-08T18:52:22.679Z] File /Users/kiss/Documents/Projects/Bookit/Bookit/functions/APIs/users.js changed, reloading triggers {"metadata":{"emulator":{"name":"functions"},"message":"File /Users/kiss/Documents/Projects/Bookit/Bookit/functions/APIs/users.js changed, reloading triggers"}}
[debug] [2020-10-08T18:52:23.685Z] [worker-pool] Cleaned up workers for ~diagnostic~: 1 --> 0 {"metadata":{"emulator":{"name":"functions"},"message":"[worker-pool] Cleaned up workers for ~diagnostic~: 1 --> 0"}}
[debug] [2020-10-08T18:52:23.718Z] [worker-pool] addWorker(~diagnostic~) {"metadata":{"emulator":{"name":"functions"},"message":"[worker-pool] addWorker(~diagnostic~)"}}
[debug] [2020-10-08T18:52:23.718Z] [worker-pool] Adding worker with key ~diagnostic~, total=1 {"metadata":{"emulator":{"name":"functions"},"message":"[worker-pool] Adding worker with key ~diagnostic~, total=1"}}
[debug] [2020-10-08T18:52:23.718Z] [worker-pool] submitWork(triggerId=) {"metadata":{"emulator":{"name":"functions"},"message":"[worker-pool] submitWork(triggerId=)"}}
[debug] [2020-10-08T18:52:23.720Z] [worker-~diagnostic~-caa72476-278f-4751-abb8-c826a4728ae8]: Assigning socketPath: /var/folders/72/kr9fg2px7wq3j9cz4h455tcc0000gn/T/fire_emu_36690.sock {"metadata":{"emulator":{"name":"functions"},"message":"[worker-~diagnostic~-caa72476-278f-4751-abb8-c826a4728ae8]: Assigning socketPath: /var/folders/72/kr9fg2px7wq3j9cz4h455tcc0000gn/T/fire_emu_36690.sock"}}
[debug] [2020-10-08T18:52:23.727Z] [worker-~diagnostic~-caa72476-278f-4751-abb8-c826a4728ae8]: BUSY {"metadata":{"emulator":{"name":"functions"},"message":"[worker-~diagnostic~-caa72476-278f-4751-abb8-c826a4728ae8]: BUSY"}}
[debug] [2020-10-08T18:52:25.242Z] [runtime-status] [36690] Functions runtime initialized. {"cwd":"/Users/kiss/Documents/Projects/Bookit/Bookit/functions","node_version":"12.18.3"} {"metadata":{"emulator":{"name":"functions"},"message":"[runtime-status] [36690] Functions runtime initialized. {\"cwd\":\"/Users/kiss/Documents/Projects/Bookit/Bookit/functions\",\"node_version\":\"12.18.3\"}"}}
[debug] [2020-10-08T18:52:25.244Z] [runtime-status] [36690] Disabled runtime features: undefined {"metadata":{"emulator":{"name":"functions"},"message":"[runtime-status] [36690] Disabled runtime features: undefined"}}
[warn] ⚠  The Cloud Functions emulator requires the module "firebase-admin" to be installed. This package is in your package.json, but it's not available. You probably need to run "npm install" in your functions directory. {"metadata":{"emulator":{"name":"functions"},"message":"The Cloud Functions emulator requires the module \"firebase-admin\" to be installed. This package is in your package.json, but it's not available. You probably need to run \"npm install\" in your functions directory."}}
[info] i  functions: Your functions could not be parsed due to an issue with your node_modules (see above) {"metadata":{"emulator":{"name":"functions"},"message":"Your functions could not be parsed due to an issue with your node_modules (see above)"}}
[debug] [2020-10-08T18:52:25.283Z] [worker-~diagnostic~-caa72476-278f-4751-abb8-c826a4728ae8]: exited {"metadata":{"emulator":{"name":"functions"},"message":"[worker-~diagnostic~-caa72476-278f-4751-abb8-c826a4728ae8]: exited"}}
[debug] [2020-10-08T18:52:25.283Z] [worker-~diagnostic~-caa72476-278f-4751-abb8-c826a4728ae8]: FINISHED {"metadata":{"emulator":{"name":"functions"},"message":"[worker-~diagnostic~-caa72476-278f-4751-abb8-c826a4728ae8]: FINISHED"}}
[debug] [2020-10-08T18:52:58.297Z] File /Users/kiss/Documents/Projects/Bookit/Bookit/functions/index.js changed, reloading triggers {"metadata":{"emulator":{"name":"functions"},"message":"File /Users/kiss/Documents/Projects/Bookit/Bookit/functions/index.js changed, reloading triggers"}}
[debug] [2020-10-08T18:52:59.299Z] [worker-pool] Cleaned up workers for ~diagnostic~: 1 --> 0 {"metadata":{"emulator":{"name":"functions"},"message":"[worker-pool] Cleaned up workers for ~diagnostic~: 1 --> 0"}}
[debug] [2020-10-08T18:52:59.303Z] [worker-pool] addWorker(~diagnostic~) {"metadata":{"emulator":{"name":"functions"},"message":"[worker-pool] addWorker(~diagnostic~)"}}
[debug] [2020-10-08T18:52:59.304Z] [worker-pool] Adding worker with key ~diagnostic~, total=1 {"metadata":{"emulator":{"name":"functions"},"message":"[worker-pool] Adding worker with key ~diagnostic~, total=1"}}
[debug] [2020-10-08T18:52:59.304Z] [worker-pool] submitWork(triggerId=) {"metadata":{"emulator":{"name":"functions"},"message":"[worker-pool] submitWork(triggerId=)"}}
[debug] [2020-10-08T18:52:59.304Z] [worker-~diagnostic~-c774817e-eb8a-447b-bb31-aeac04a7578b]: Assigning socketPath: /var/folders/72/kr9fg2px7wq3j9cz4h455tcc0000gn/T/fire_emu_36725.sock {"metadata":{"emulator":{"name":"functions"},"message":"[worker-~diagnostic~-c774817e-eb8a-447b-bb31-aeac04a7578b]: Assigning socketPath: /var/folders/72/kr9fg2px7wq3j9cz4h455tcc0000gn/T/fire_emu_36725.sock"}}
[debug] [2020-10-08T18:52:59.304Z] [worker-~diagnostic~-c774817e-eb8a-447b-bb31-aeac04a7578b]: BUSY {"metadata":{"emulator":{"name":"functions"},"message":"[worker-~diagnostic~-c774817e-eb8a-447b-bb31-aeac04a7578b]: BUSY"}}
[debug] [2020-10-08T18:53:00.224Z] [runtime-status] [36725] Functions runtime initialized. {"cwd":"/Users/kiss/Documents/Projects/Bookit/Bookit/functions","node_version":"12.18.3"} {"metadata":{"emulator":{"name":"functions"},"message":"[runtime-status] [36725] Functions runtime initialized. {\"cwd\":\"/Users/kiss/Documents/Projects/Bookit/Bookit/functions\",\"node_version\":\"12.18.3\"}"}}
[debug] [2020-10-08T18:53:00.227Z] [runtime-status] [36725] Disabled runtime features: undefined {"metadata":{"emulator":{"name":"functions"},"message":"[runtime-status] [36725] Disabled runtime features: undefined"}}
[warn] ⚠  The Cloud Functions emulator requires the module "firebase-admin" to be installed. This package is in your package.json, but it's not available. You probably need to run "npm install" in your functions directory. {"metadata":{"emulator":{"name":"functions"},"message":"The Cloud Functions emulator requires the module \"firebase-admin\" to be installed. This package is in your package.json, but it's not available. You probably need to run \"npm install\" in your functions directory."}}
[info] i  functions: Your functions could not be parsed due to an issue with your node_modules (see above) {"metadata":{"emulator":{"name":"functions"},"message":"Your functions could not be parsed due to an issue with your node_modules (see above)"}}
[debug] [2020-10-08T18:53:00.249Z] File /Users/kiss/Documents/Projects/Bookit/Bookit/functions/index.js changed, reloading triggers {"metadata":{"emulator":{"name":"functions"},"message":"File /Users/kiss/Documents/Projects/Bookit/Bookit/functions/index.js changed, reloading triggers"}}
[debug] [2020-10-08T18:53:00.264Z] [worker-~diagnostic~-c774817e-eb8a-447b-bb31-aeac04a7578b]: exited {"metadata":{"emulator":{"name":"functions"},"message":"[worker-~diagnostic~-c774817e-eb8a-447b-bb31-aeac04a7578b]: exited"}}
[debug] [2020-10-08T18:53:00.264Z] [worker-~diagnostic~-c774817e-eb8a-447b-bb31-aeac04a7578b]: FINISHED {"metadata":{"emulator":{"name":"functions"},"message":"[worker-~diagnostic~-c774817e-eb8a-447b-bb31-aeac04a7578b]: FINISHED"}}
[debug] [2020-10-08T18:53:01.255Z] [worker-pool] Cleaned up workers for ~diagnostic~: 1 --> 0 {"metadata":{"emulator":{"name":"functions"},"message":"[worker-pool] Cleaned up workers for ~diagnostic~: 1 --> 0"}}
[debug] [2020-10-08T18:53:01.262Z] [worker-pool] addWorker(~diagnostic~) {"metadata":{"emulator":{"name":"functions"},"message":"[worker-pool] addWorker(~diagnostic~)"}}
[debug] [2020-10-08T18:53:01.263Z] [worker-pool] Adding worker with key ~diagnostic~, total=1 {"metadata":{"emulator":{"name":"functions"},"message":"[worker-pool] Adding worker with key ~diagnostic~, total=1"}}
[debug] [2020-10-08T18:53:01.263Z] [worker-pool] submitWork(triggerId=) {"metadata":{"emulator":{"name":"functions"},"message":"[worker-pool] submitWork(triggerId=)"}}
[debug] [2020-10-08T18:53:01.263Z] [worker-~diagnostic~-c3494d5e-08cb-4078-8310-543998a2998e]: Assigning socketPath: /var/folders/72/kr9fg2px7wq3j9cz4h455tcc0000gn/T/fire_emu_36734.sock {"metadata":{"emulator":{"name":"functions"},"message":"[worker-~diagnostic~-c3494d5e-08cb-4078-8310-543998a2998e]: Assigning socketPath: /var/folders/72/kr9fg2px7wq3j9cz4h455tcc0000gn/T/fire_emu_36734.sock"}}
[debug] [2020-10-08T18:53:01.263Z] [worker-~diagnostic~-c3494d5e-08cb-4078-8310-543998a2998e]: BUSY {"metadata":{"emulator":{"name":"functions"},"message":"[worker-~diagnostic~-c3494d5e-08cb-4078-8310-543998a2998e]: BUSY"}}
[debug] [2020-10-08T18:53:01.570Z] [runtime-status] [36734] Functions runtime initialized. {"cwd":"/Users/kiss/Documents/Projects/Bookit/Bookit/functions","node_version":"12.18.3"} {"metadata":{"emulator":{"name":"functions"},"message":"[runtime-status] [36734] Functions runtime initialized. {\"cwd\":\"/Users/kiss/Documents/Projects/Bookit/Bookit/functions\",\"node_version\":\"12.18.3\"}"}}
[debug] [2020-10-08T18:53:01.573Z] [runtime-status] [36734] Disabled runtime features: undefined {"metadata":{"emulator":{"name":"functions"},"message":"[runtime-status] [36734] Disabled runtime features: undefined"}}
[warn] ⚠  The Cloud Functions emulator requires the module "firebase-admin" to be installed. This package is in your package.json, but it's not available. You probably need to run "npm install" in your functions directory. {"metadata":{"emulator":{"name":"functions"},"message":"The Cloud Functions emulator requires the module \"firebase-admin\" to be installed. This package is in your package.json, but it's not available. You probably need to run \"npm install\" in your functions directory."}}
[info] i  functions: Your functions could not be parsed due to an issue with your node_modules (see above) {"metadata":{"emulator":{"name":"functions"},"message":"Your functions could not be parsed due to an issue with your node_modules (see above)"}}
[debug] [2020-10-08T18:53:01.602Z] [worker-~diagnostic~-c3494d5e-08cb-4078-8310-543998a2998e]: exited {"metadata":{"emulator":{"name":"functions"},"message":"[worker-~diagnostic~-c3494d5e-08cb-4078-8310-543998a2998e]: exited"}}
[debug] [2020-10-08T18:53:01.602Z] [worker-~diagnostic~-c3494d5e-08cb-4078-8310-543998a2998e]: FINISHED {"metadata":{"emulator":{"name":"functions"},"message":"[worker-~diagnostic~-c3494d5e-08cb-4078-8310-543998a2998e]: FINISHED"}}
[debug] [2020-10-08T18:53:05.136Z] File /Users/kiss/Documents/Projects/Bookit/Bookit/functions/index.js changed, reloading triggers {"metadata":{"emulator":{"name":"functions"},"message":"File /Users/kiss/Documents/Projects/Bookit/Bookit/functions/index.js changed, reloading triggers"}}
[debug] [2020-10-08T18:53:06.140Z] [worker-pool] Cleaned up workers for ~diagnostic~: 1 --> 0 {"metadata":{"emulator":{"name":"functions"},"message":"[worker-pool] Cleaned up workers for ~diagnostic~: 1 --> 0"}}
[debug] [2020-10-08T18:53:06.150Z] [worker-pool] addWorker(~diagnostic~) {"metadata":{"emulator":{"name":"functions"},"message":"[worker-pool] addWorker(~diagnostic~)"}}
[debug] [2020-10-08T18:53:06.151Z] [worker-pool] Adding worker with key ~diagnostic~, total=1 {"metadata":{"emulator":{"name":"functions"},"message":"[worker-pool] Adding worker with key ~diagnostic~, total=1"}}
[debug] [2020-10-08T18:53:06.151Z] [worker-pool] submitWork(triggerId=) {"metadata":{"emulator":{"name":"functions"},"message":"[worker-pool] submitWork(triggerId=)"}}
[debug] [2020-10-08T18:53:06.151Z] [worker-~diagnostic~-91da96a6-e7a6-4bfa-bcfc-bac474b7fd99]: Assigning socketPath: /var/folders/72/kr9fg2px7wq3j9cz4h455tcc0000gn/T/fire_emu_36745.sock {"metadata":{"emulator":{"name":"functions"},"message":"[worker-~diagnostic~-91da96a6-e7a6-4bfa-bcfc-bac474b7fd99]: Assigning socketPath: /var/folders/72/kr9fg2px7wq3j9cz4h455tcc0000gn/T/fire_emu_36745.sock"}}
[debug] [2020-10-08T18:53:06.151Z] [worker-~diagnostic~-91da96a6-e7a6-4bfa-bcfc-bac474b7fd99]: BUSY {"metadata":{"emulator":{"name":"functions"},"message":"[worker-~diagnostic~-91da96a6-e7a6-4bfa-bcfc-bac474b7fd99]: BUSY"}}
[debug] [2020-10-08T18:53:06.468Z] [runtime-status] [36745] Functions runtime initialized. {"cwd":"/Users/kiss/Documents/Projects/Bookit/Bookit/functions","node_version":"12.18.3"} {"metadata":{"emulator":{"name":"functions"},"message":"[runtime-status] [36745] Functions runtime initialized. {\"cwd\":\"/Users/kiss/Documents/Projects/Bookit/Bookit/functions\",\"node_version\":\"12.18.3\"}"}}
[debug] [2020-10-08T18:53:06.472Z] [runtime-status] [36745] Disabled runtime features: undefined {"metadata":{"emulator":{"name":"functions"},"message":"[runtime-status] [36745] Disabled runtime features: undefined"}}
[warn] ⚠  The Cloud Functions emulator requires the module "firebase-admin" to be installed. This package is in your package.json, but it's not available. You probably need to run "npm install" in your functions directory. {"metadata":{"emulator":{"name":"functions"},"message":"The Cloud Functions emulator requires the module \"firebase-admin\" to be installed. This package is in your package.json, but it's not available. You probably need to run \"npm install\" in your functions directory."}}
[info] i  functions: Your functions could not be parsed due to an issue with your node_modules (see above) {"metadata":{"emulator":{"name":"functions"},"message":"Your functions could not be parsed due to an issue with your node_modules (see above)"}}
[debug] [2020-10-08T18:53:06.496Z] [worker-~diagnostic~-91da96a6-e7a6-4bfa-bcfc-bac474b7fd99]: exited {"metadata":{"emulator":{"name":"functions"},"message":"[worker-~diagnostic~-91da96a6-e7a6-4bfa-bcfc-bac474b7fd99]: exited"}}
[debug] [2020-10-08T18:53:06.497Z] [worker-~diagnostic~-91da96a6-e7a6-4bfa-bcfc-bac474b7fd99]: FINISHED {"metadata":{"emulator":{"name":"functions"},"message":"[worker-~diagnostic~-91da96a6-e7a6-4bfa-bcfc-bac474b7fd99]: FINISHED"}}
[debug] [2020-10-08T18:53:10.031Z] File /Users/kiss/Documents/Projects/Bookit/Bookit/functions/index.js changed, reloading triggers {"metadata":{"emulator":{"name":"functions"},"message":"File /Users/kiss/Documents/Projects/Bookit/Bookit/functions/index.js changed, reloading triggers"}}
[debug] [2020-10-08T18:53:11.036Z] [worker-pool] Cleaned up workers for ~diagnostic~: 1 --> 0 {"metadata":{"emulator":{"name":"functions"},"message":"[worker-pool] Cleaned up workers for ~diagnostic~: 1 --> 0"}}
[debug] [2020-10-08T18:53:11.040Z] [worker-pool] addWorker(~diagnostic~) {"metadata":{"emulator":{"name":"functions"},"message":"[worker-pool] addWorker(~diagnostic~)"}}
[debug] [2020-10-08T18:53:11.040Z] [worker-pool] Adding worker with key ~diagnostic~, total=1 {"metadata":{"emulator":{"name":"functions"},"message":"[worker-pool] Adding worker with key ~diagnostic~, total=1"}}
[debug] [2020-10-08T18:53:11.040Z] [worker-pool] submitWork(triggerId=) {"metadata":{"emulator":{"name":"functions"},"message":"[worker-pool] submitWork(triggerId=)"}}
[debug] [2020-10-08T18:53:11.041Z] [worker-~diagnostic~-3277089e-1bbb-4c22-9596-5474d9885d27]: Assigning socketPath: /var/folders/72/kr9fg2px7wq3j9cz4h455tcc0000gn/T/fire_emu_36754.sock {"metadata":{"emulator":{"name":"functions"},"message":"[worker-~diagnostic~-3277089e-1bbb-4c22-9596-5474d9885d27]: Assigning socketPath: /var/folders/72/kr9fg2px7wq3j9cz4h455tcc0000gn/T/fire_emu_36754.sock"}}
[debug] [2020-10-08T18:53:11.041Z] [worker-~diagnostic~-3277089e-1bbb-4c22-9596-5474d9885d27]: BUSY {"metadata":{"emulator":{"name":"functions"},"message":"[worker-~diagnostic~-3277089e-1bbb-4c22-9596-5474d9885d27]: BUSY"}}
[debug] [2020-10-08T18:53:11.405Z] [runtime-status] [36754] Functions runtime initialized. {"cwd":"/Users/kiss/Documents/Projects/Bookit/Bookit/functions","node_version":"12.18.3"} {"metadata":{"emulator":{"name":"functions"},"message":"[runtime-status] [36754] Functions runtime initialized. {\"cwd\":\"/Users/kiss/Documents/Projects/Bookit/Bookit/functions\",\"node_version\":\"12.18.3\"}"}}
[debug] [2020-10-08T18:53:11.408Z] [runtime-status] [36754] Disabled runtime features: undefined {"metadata":{"emulator":{"name":"functions"},"message":"[runtime-status] [36754] Disabled runtime features: undefined"}}
[warn] ⚠  The Cloud Functions emulator requires the module "firebase-admin" to be installed. This package is in your package.json, but it's not available. You probably need to run "npm install" in your functions directory. {"metadata":{"emulator":{"name":"functions"},"message":"The Cloud Functions emulator requires the module \"firebase-admin\" to be installed. This package is in your package.json, but it's not available. You probably need to run \"npm install\" in your functions directory."}}
[info] i  functions: Your functions could not be parsed due to an issue with your node_modules (see above) {"metadata":{"emulator":{"name":"functions"},"message":"Your functions could not be parsed due to an issue with your node_modules (see above)"}}
[debug] [2020-10-08T18:53:11.435Z] [worker-~diagnostic~-3277089e-1bbb-4c22-9596-5474d9885d27]: exited {"metadata":{"emulator":{"name":"functions"},"message":"[worker-~diagnostic~-3277089e-1bbb-4c22-9596-5474d9885d27]: exited"}}
[debug] [2020-10-08T18:53:11.438Z] [worker-~diagnostic~-3277089e-1bbb-4c22-9596-5474d9885d27]: FINISHED {"metadata":{"emulator":{"name":"functions"},"message":"[worker-~diagnostic~-3277089e-1bbb-4c22-9596-5474d9885d27]: FINISHED"}}
[debug] [2020-10-08T18:53:14.022Z] File /Users/kiss/Documents/Projects/Bookit/Bookit/functions/index.js changed, reloading triggers {"metadata":{"emulator":{"name":"functions"},"message":"File /Users/kiss/Documents/Projects/Bookit/Bookit/functions/index.js changed, reloading triggers"}}
[debug] [2020-10-08T18:53:15.026Z] [worker-pool] Cleaned up workers for ~diagnostic~: 1 --> 0 {"metadata":{"emulator":{"name":"functions"},"message":"[worker-pool] Cleaned up workers for ~diagnostic~: 1 --> 0"}}
[debug] [2020-10-08T18:53:15.033Z] [worker-pool] addWorker(~diagnostic~) {"metadata":{"emulator":{"name":"functions"},"message":"[worker-pool] addWorker(~diagnostic~)"}}
[debug] [2020-10-08T18:53:15.033Z] [worker-pool] Adding worker with key ~diagnostic~, total=1 {"metadata":{"emulator":{"name":"functions"},"message":"[worker-pool] Adding worker with key ~diagnostic~, total=1"}}
[debug] [2020-10-08T18:53:15.033Z] [worker-pool] submitWork(triggerId=) {"metadata":{"emulator":{"name":"functions"},"message":"[worker-pool] submitWork(triggerId=)"}}
[debug] [2020-10-08T18:53:15.033Z] [worker-~diagnostic~-962c7450-efe3-45a4-9275-59ebffab1665]: Assigning socketPath: /var/folders/72/kr9fg2px7wq3j9cz4h455tcc0000gn/T/fire_emu_36763.sock {"metadata":{"emulator":{"name":"functions"},"message":"[worker-~diagnostic~-962c7450-efe3-45a4-9275-59ebffab1665]: Assigning socketPath: /var/folders/72/kr9fg2px7wq3j9cz4h455tcc0000gn/T/fire_emu_36763.sock"}}
[debug] [2020-10-08T18:53:15.033Z] [worker-~diagnostic~-962c7450-efe3-45a4-9275-59ebffab1665]: BUSY {"metadata":{"emulator":{"name":"functions"},"message":"[worker-~diagnostic~-962c7450-efe3-45a4-9275-59ebffab1665]: BUSY"}}
[debug] [2020-10-08T18:53:15.367Z] [runtime-status] [36763] Functions runtime initialized. {"cwd":"/Users/kiss/Documents/Projects/Bookit/Bookit/functions","node_version":"12.18.3"} {"metadata":{"emulator":{"name":"functions"},"message":"[runtime-status] [36763] Functions runtime initialized. {\"cwd\":\"/Users/kiss/Documents/Projects/Bookit/Bookit/functions\",\"node_version\":\"12.18.3\"}"}}
[debug] [2020-10-08T18:53:15.370Z] [runtime-status] [36763] Disabled runtime features: undefined {"metadata":{"emulator":{"name":"functions"},"message":"[runtime-status] [36763] Disabled runtime features: undefined"}}
[warn] ⚠  The Cloud Functions emulator requires the module "firebase-admin" to be installed. This package is in your package.json, but it's not available. You probably need to run "npm install" in your functions directory. {"metadata":{"emulator":{"name":"functions"},"message":"The Cloud Functions emulator requires the module \"firebase-admin\" to be installed. This package is in your package.json, but it's not available. You probably need to run \"npm install\" in your functions directory."}}
[info] i  functions: Your functions could not be parsed due to an issue with your node_modules (see above) {"metadata":{"emulator":{"name":"functions"},"message":"Your functions could not be parsed due to an issue with your node_modules (see above)"}}
[debug] [2020-10-08T18:53:15.396Z] [worker-~diagnostic~-962c7450-efe3-45a4-9275-59ebffab1665]: exited {"metadata":{"emulator":{"name":"functions"},"message":"[worker-~diagnostic~-962c7450-efe3-45a4-9275-59ebffab1665]: exited"}}
[debug] [2020-10-08T18:53:15.397Z] [worker-~diagnostic~-962c7450-efe3-45a4-9275-59ebffab1665]: FINISHED {"metadata":{"emulator":{"name":"functions"},"message":"[worker-~diagnostic~-962c7450-efe3-45a4-9275-59ebffab1665]: FINISHED"}}
[debug] [2020-10-08T18:53:15.880Z] File /Users/kiss/Documents/Projects/Bookit/Bookit/functions/index.js changed, reloading triggers {"metadata":{"emulator":{"name":"functions"},"message":"File /Users/kiss/Documents/Projects/Bookit/Bookit/functions/index.js changed, reloading triggers"}}
[debug] [2020-10-08T18:53:16.882Z] [worker-pool] Cleaned up workers for ~diagnostic~: 1 --> 0 {"metadata":{"emulator":{"name":"functions"},"message":"[worker-pool] Cleaned up workers for ~diagnostic~: 1 --> 0"}}
[debug] [2020-10-08T18:53:16.890Z] [worker-pool] addWorker(~diagnostic~) {"metadata":{"emulator":{"name":"functions"},"message":"[worker-pool] addWorker(~diagnostic~)"}}
[debug] [2020-10-08T18:53:16.891Z] [worker-pool] Adding worker with key ~diagnostic~, total=1 {"metadata":{"emulator":{"name":"functions"},"message":"[worker-pool] Adding worker with key ~diagnostic~, total=1"}}
[debug] [2020-10-08T18:53:16.891Z] [worker-pool] submitWork(triggerId=) {"metadata":{"emulator":{"name":"functions"},"message":"[worker-pool] submitWork(triggerId=)"}}
[debug] [2020-10-08T18:53:16.892Z] [worker-~diagnostic~-301be28d-3c41-413e-aff2-80dc48273faf]: Assigning socketPath: /var/folders/72/kr9fg2px7wq3j9cz4h455tcc0000gn/T/fire_emu_36765.sock {"metadata":{"emulator":{"name":"functions"},"message":"[worker-~diagnostic~-301be28d-3c41-413e-aff2-80dc48273faf]: Assigning socketPath: /var/folders/72/kr9fg2px7wq3j9cz4h455tcc0000gn/T/fire_emu_36765.sock"}}
[debug] [2020-10-08T18:53:16.892Z] [worker-~diagnostic~-301be28d-3c41-413e-aff2-80dc48273faf]: BUSY {"metadata":{"emulator":{"name":"functions"},"message":"[worker-~diagnostic~-301be28d-3c41-413e-aff2-80dc48273faf]: BUSY"}}
[debug] [2020-10-08T18:53:17.191Z] [runtime-status] [36765] Functions runtime initialized. {"cwd":"/Users/kiss/Documents/Projects/Bookit/Bookit/functions","node_version":"12.18.3"} {"metadata":{"emulator":{"name":"functions"},"message":"[runtime-status] [36765] Functions runtime initialized. {\"cwd\":\"/Users/kiss/Documents/Projects/Bookit/Bookit/functions\",\"node_version\":\"12.18.3\"}"}}
[debug] [2020-10-08T18:53:17.193Z] [runtime-status] [36765] Disabled runtime features: undefined {"metadata":{"emulator":{"name":"functions"},"message":"[runtime-status] [36765] Disabled runtime features: undefined"}}
[warn] ⚠  The Cloud Functions emulator requires the module "firebase-admin" to be installed. This package is in your package.json, but it's not available. You probably need to run "npm install" in your functions directory. {"metadata":{"emulator":{"name":"functions"},"message":"The Cloud Functions emulator requires the module \"firebase-admin\" to be installed. This package is in your package.json, but it's not available. You probably need to run \"npm install\" in your functions directory."}}
[info] i  functions: Your functions could not be parsed due to an issue with your node_modules (see above) {"metadata":{"emulator":{"name":"functions"},"message":"Your functions could not be parsed due to an issue with your node_modules (see above)"}}
[debug] [2020-10-08T18:53:17.213Z] [worker-~diagnostic~-301be28d-3c41-413e-aff2-80dc48273faf]: exited {"metadata":{"emulator":{"name":"functions"},"message":"[worker-~diagnostic~-301be28d-3c41-413e-aff2-80dc48273faf]: exited"}}
[debug] [2020-10-08T18:53:17.213Z] [worker-~diagnostic~-301be28d-3c41-413e-aff2-80dc48273faf]: FINISHED {"metadata":{"emulator":{"name":"functions"},"message":"[worker-~diagnostic~-301be28d-3c41-413e-aff2-80dc48273faf]: FINISHED"}}
[debug] [2020-10-08T18:53:29.382Z] File /Users/kiss/Documents/Projects/Bookit/Bookit/functions/index.js changed, reloading triggers {"metadata":{"emulator":{"name":"functions"},"message":"File /Users/kiss/Documents/Projects/Bookit/Bookit/functions/index.js changed, reloading triggers"}}
[debug] [2020-10-08T18:53:30.387Z] [worker-pool] Cleaned up workers for ~diagnostic~: 1 --> 0 {"metadata":{"emulator":{"name":"functions"},"message":"[worker-pool] Cleaned up workers for ~diagnostic~: 1 --> 0"}}
[debug] [2020-10-08T18:53:30.395Z] [worker-pool] addWorker(~diagnostic~) {"metadata":{"emulator":{"name":"functions"},"message":"[worker-pool] addWorker(~diagnostic~)"}}
[debug] [2020-10-08T18:53:30.395Z] [worker-pool] Adding worker with key ~diagnostic~, total=1 {"metadata":{"emulator":{"name":"functions"},"message":"[worker-pool] Adding worker with key ~diagnostic~, total=1"}}
[debug] [2020-10-08T18:53:30.395Z] [worker-pool] submitWork(triggerId=) {"metadata":{"emulator":{"name":"functions"},"message":"[worker-pool] submitWork(triggerId=)"}}
[debug] [2020-10-08T18:53:30.396Z] [worker-~diagnostic~-e3e1b9c3-3423-4335-a01c-0d5603d7793d]: Assigning socketPath: /var/folders/72/kr9fg2px7wq3j9cz4h455tcc0000gn/T/fire_emu_36774.sock {"metadata":{"emulator":{"name":"functions"},"message":"[worker-~diagnostic~-e3e1b9c3-3423-4335-a01c-0d5603d7793d]: Assigning socketPath: /var/folders/72/kr9fg2px7wq3j9cz4h455tcc0000gn/T/fire_emu_36774.sock"}}
[debug] [2020-10-08T18:53:30.396Z] [worker-~diagnostic~-e3e1b9c3-3423-4335-a01c-0d5603d7793d]: BUSY {"metadata":{"emulator":{"name":"functions"},"message":"[worker-~diagnostic~-e3e1b9c3-3423-4335-a01c-0d5603d7793d]: BUSY"}}
[debug] [2020-10-08T18:53:30.750Z] [runtime-status] [36774] Functions runtime initialized. {"cwd":"/Users/kiss/Documents/Projects/Bookit/Bookit/functions","node_version":"12.18.3"} {"metadata":{"emulator":{"name":"functions"},"message":"[runtime-status] [36774] Functions runtime initialized. {\"cwd\":\"/Users/kiss/Documents/Projects/Bookit/Bookit/functions\",\"node_version\":\"12.18.3\"}"}}
[debug] [2020-10-08T18:53:30.752Z] [runtime-status] [36774] Disabled runtime features: undefined {"metadata":{"emulator":{"name":"functions"},"message":"[runtime-status] [36774] Disabled runtime features: undefined"}}
[warn] ⚠  The Cloud Functions emulator requires the module "firebase-admin" to be installed. This package is in your package.json, but it's not available. You probably need to run "npm install" in your functions directory. {"metadata":{"emulator":{"name":"functions"},"message":"The Cloud Functions emulator requires the module \"firebase-admin\" to be installed. This package is in your package.json, but it's not available. You probably need to run \"npm install\" in your functions directory."}}
[info] i  functions: Your functions could not be parsed due to an issue with your node_modules (see above) {"metadata":{"emulator":{"name":"functions"},"message":"Your functions could not be parsed due to an issue with your node_modules (see above)"}}
[debug] [2020-10-08T18:53:30.778Z] [worker-~diagnostic~-e3e1b9c3-3423-4335-a01c-0d5603d7793d]: exited {"metadata":{"emulator":{"name":"functions"},"message":"[worker-~diagnostic~-e3e1b9c3-3423-4335-a01c-0d5603d7793d]: exited"}}
[debug] [2020-10-08T18:53:30.778Z] [worker-~diagnostic~-e3e1b9c3-3423-4335-a01c-0d5603d7793d]: FINISHED {"metadata":{"emulator":{"name":"functions"},"message":"[worker-~diagnostic~-e3e1b9c3-3423-4335-a01c-0d5603d7793d]: FINISHED"}}
[debug] [2020-10-08T18:53:33.802Z] File /Users/kiss/Documents/Projects/Bookit/Bookit/functions/index.js changed, reloading triggers {"metadata":{"emulator":{"name":"functions"},"message":"File /Users/kiss/Documents/Projects/Bookit/Bookit/functions/index.js changed, reloading triggers"}}
[debug] [2020-10-08T18:53:34.807Z] [worker-pool] Cleaned up workers for ~diagnostic~: 1 --> 0 {"metadata":{"emulator":{"name":"functions"},"message":"[worker-pool] Cleaned up workers for ~diagnostic~: 1 --> 0"}}
[debug] [2020-10-08T18:53:34.815Z] [worker-pool] addWorker(~diagnostic~) {"metadata":{"emulator":{"name":"functions"},"message":"[worker-pool] addWorker(~diagnostic~)"}}
[debug] [2020-10-08T18:53:34.815Z] [worker-pool] Adding worker with key ~diagnostic~, total=1 {"metadata":{"emulator":{"name":"functions"},"message":"[worker-pool] Adding worker with key ~diagnostic~, total=1"}}
[debug] [2020-10-08T18:53:34.816Z] [worker-pool] submitWork(triggerId=) {"metadata":{"emulator":{"name":"functions"},"message":"[worker-pool] submitWork(triggerId=)"}}
[debug] [2020-10-08T18:53:34.816Z] [worker-~diagnostic~-3814af54-0733-40d5-a4d4-762f0a4a47c4]: Assigning socketPath: /var/folders/72/kr9fg2px7wq3j9cz4h455tcc0000gn/T/fire_emu_36783.sock {"metadata":{"emulator":{"name":"functions"},"message":"[worker-~diagnostic~-3814af54-0733-40d5-a4d4-762f0a4a47c4]: Assigning socketPath: /var/folders/72/kr9fg2px7wq3j9cz4h455tcc0000gn/T/fire_emu_36783.sock"}}
[debug] [2020-10-08T18:53:34.816Z] [worker-~diagnostic~-3814af54-0733-40d5-a4d4-762f0a4a47c4]: BUSY {"metadata":{"emulator":{"name":"functions"},"message":"[worker-~diagnostic~-3814af54-0733-40d5-a4d4-762f0a4a47c4]: BUSY"}}
[debug] [2020-10-08T18:53:35.111Z] [runtime-status] [36783] Functions runtime initialized. {"cwd":"/Users/kiss/Documents/Projects/Bookit/Bookit/functions","node_version":"12.18.3"} {"metadata":{"emulator":{"name":"functions"},"message":"[runtime-status] [36783] Functions runtime initialized. {\"cwd\":\"/Users/kiss/Documents/Projects/Bookit/Bookit/functions\",\"node_version\":\"12.18.3\"}"}}
[debug] [2020-10-08T18:53:35.114Z] [runtime-status] [36783] Disabled runtime features: undefined {"metadata":{"emulator":{"name":"functions"},"message":"[runtime-status] [36783] Disabled runtime features: undefined"}}
[warn] ⚠  The Cloud Functions emulator requires the module "firebase-admin" to be installed. This package is in your package.json, but it's not available. You probably need to run "npm install" in your functions directory. {"metadata":{"emulator":{"name":"functions"},"message":"The Cloud Functions emulator requires the module \"firebase-admin\" to be installed. This package is in your package.json, but it's not available. You probably need to run \"npm install\" in your functions directory."}}
[info] i  functions: Your functions could not be parsed due to an issue with your node_modules (see above) {"metadata":{"emulator":{"name":"functions"},"message":"Your functions could not be parsed due to an issue with your node_modules (see above)"}}
[debug] [2020-10-08T18:53:35.135Z] [worker-~diagnostic~-3814af54-0733-40d5-a4d4-762f0a4a47c4]: exited {"metadata":{"emulator":{"name":"functions"},"message":"[worker-~diagnostic~-3814af54-0733-40d5-a4d4-762f0a4a47c4]: exited"}}
[debug] [2020-10-08T18:53:35.136Z] [worker-~diagnostic~-3814af54-0733-40d5-a4d4-762f0a4a47c4]: FINISHED {"metadata":{"emulator":{"name":"functions"},"message":"[worker-~diagnostic~-3814af54-0733-40d5-a4d4-762f0a4a47c4]: FINISHED"}}
